CRITICAL - 2022-10-24 14:03:32 --> Invalid file: Theme\Standard\footer.php
in SYSTEMPATH/Exceptions/FrameworkException.php on line 33.
 1 SYSTEMPATH/View/View.php(201): CodeIgniter\Exceptions\FrameworkException::forInvalidFile()
 2 SYSTEMPATH/Common.php(1135): CodeIgniter\View\View->render()
 3 APPPATH/Controllers/Thesa.php(30): view()
 4 APPPATH/Controllers/Thesa.php(130): App\Controllers\Thesa->footer()
 5 SYSTEMPATH/CodeIgniter.php(896): App\Controllers\Thesa->index()
 6 SYSTEMPATH/CodeIgniter.php(466): CodeIgniter\CodeIgniter->runController()
 7 SYSTEMPATH/CodeIgniter.php(349): CodeIgniter\CodeIgniter->handleRequest()
 8 FCPATH/index.php(71): CodeIgniter\CodeIgniter->run()
CRITICAL - 2022-10-24 14:07:15 --> realpath(): open_basedir restriction in effect. File(/export/var/www) is not within the allowed path(s): (/export/var/www/thesa/:/tmp/:/usr/share/pear/)
in SYSTEMPATH/ThirdParty/Kint/init.php on line 52.
 1 [internal function]: CodeIgniter\Debug\Exceptions->errorHandler()
 2 SYSTEMPATH/ThirdParty/Kint/init.php(52): realpath()
 3 SYSTEMPATH/CodeIgniter.php(256): require_once('SYSTEMPATH/ThirdParty/Kint/init.php')
 4 SYSTEMPATH/CodeIgniter.php(198): CodeIgniter\CodeIgniter->initializeKint()
 5 FCPATH/index.php(55): CodeIgniter\CodeIgniter->initialize()
CRITICAL - 2022-10-24 14:07:15 --> realpath(): open_basedir restriction in effect. File(/export/var/www) is not within the allowed path(s): (/export/var/www/thesa/:/tmp/:/usr/share/pear/)
in SYSTEMPATH/ThirdParty/Kint/init.php on line 52.
 1 [internal function]: CodeIgniter\Debug\Exceptions->errorHandler()
 2 SYSTEMPATH/ThirdParty/Kint/init.php(52): realpath()
 3 SYSTEMPATH/CodeIgniter.php(256): require_once('SYSTEMPATH/ThirdParty/Kint/init.php')
 4 SYSTEMPATH/CodeIgniter.php(198): CodeIgniter\CodeIgniter->initializeKint()
 5 FCPATH/index.php(55): CodeIgniter\CodeIgniter->initialize()
CRITICAL - 2022-10-24 14:07:16 --> realpath(): open_basedir restriction in effect. File(/export/var/www) is not within the allowed path(s): (/export/var/www/thesa/:/tmp/:/usr/share/pear/)
in SYSTEMPATH/ThirdParty/Kint/init.php on line 52.
 1 [internal function]: CodeIgniter\Debug\Exceptions->errorHandler()
 2 SYSTEMPATH/ThirdParty/Kint/init.php(52): realpath()
 3 SYSTEMPATH/CodeIgniter.php(256): require_once('SYSTEMPATH/ThirdParty/Kint/init.php')
 4 SYSTEMPATH/CodeIgniter.php(198): CodeIgniter\CodeIgniter->initializeKint()
 5 FCPATH/index.php(55): CodeIgniter\CodeIgniter->initialize()
CRITICAL - 2022-10-24 14:08:40 --> realpath(): open_basedir restriction in effect. File(/export/var/www) is not within the allowed path(s): (/export/var/www/thesa/:/tmp/:/usr/share/pear/)
in SYSTEMPATH/ThirdParty/Kint/init.php on line 52.
 1 [internal function]: CodeIgniter\Debug\Exceptions->errorHandler()
 2 SYSTEMPATH/ThirdParty/Kint/init.php(52): realpath()
 3 SYSTEMPATH/CodeIgniter.php(256): require_once('SYSTEMPATH/ThirdParty/Kint/init.php')
 4 SYSTEMPATH/CodeIgniter.php(198): CodeIgniter\CodeIgniter->initializeKint()
 5 FCPATH/index.php(55): CodeIgniter\CodeIgniter->initialize()
CRITICAL - 2022-10-24 14:11:35 --> realpath(): open_basedir restriction in effect. File(/export/var/www) is not within the allowed path(s): (/export/var/www/thesa/:/tmp/:/usr/share/pear/)
in SYSTEMPATH/ThirdParty/Kint/init.php on line 52.
 1 [internal function]: CodeIgniter\Debug\Exceptions->errorHandler()
 2 SYSTEMPATH/ThirdParty/Kint/init.php(52): realpath()
 3 SYSTEMPATH/CodeIgniter.php(256): require_once('SYSTEMPATH/ThirdParty/Kint/init.php')
 4 SYSTEMPATH/CodeIgniter.php(198): CodeIgniter\CodeIgniter->initializeKint()
 5 FCPATH/index.php(56): CodeIgniter\CodeIgniter->initialize()
CRITICAL - 2022-10-24 14:12:05 --> realpath(): open_basedir restriction in effect. File(/export/var/www) is not within the allowed path(s): (/export/var/www/thesa/:/tmp/:/usr/share/pear/)
in SYSTEMPATH/ThirdParty/Kint/init.php on line 52.
 1 [internal function]: CodeIgniter\Debug\Exceptions->errorHandler()
 2 SYSTEMPATH/ThirdParty/Kint/init.php(52): realpath()
 3 SYSTEMPATH/CodeIgniter.php(256): require_once('SYSTEMPATH/ThirdParty/Kint/init.php')
 4 SYSTEMPATH/CodeIgniter.php(198): CodeIgniter\CodeIgniter->initializeKint()
 5 FCPATH/index.php(58): CodeIgniter\CodeIgniter->initialize()
